C51 COMPILER V9.54   MAIN                                                                  04/14/2022 15:02:19 PAGE 1   


C51 COMPILER V9.54, COMPILATION OF MODULE MAIN
OBJECT MODULE PLACED IN .\Objects\main.obj
COMPILER INVOKED BY: D:\robot\51\keil\C51\BIN\C51.EXE main.c OPTIMIZE(8,SPEED) BROWSE DEBUG OBJECTEXTEND PRINT(.\Listing
                    -s\main.lst) OBJECT(.\Objects\main.obj)

line level    source

   1          #include <REGX52.H>
   2          #include "Delay.h"
*** WARNING C318 IN LINE 2 OF main.c: can't open file 'Delay.h'
   3          #include "UART.h"
   4          #include "Timer.h"
   5          
   6          
   7          //on the bottom is logic level
   8          sbit IN1 = P2^3;
   9          sbit IN2 = P2^2;
  10          sbit IN3 = P2^1;
  11          sbit IN4 = P2^0;
  12          //on the bottom is PWM
  13          sbit PWM1=P2^4;
  14          sbit PWM2=P2^5;
  15          int time;
  16          //on the bottom is infrared
  17          sbit Input_l = P2^6;
  18          sbit Input_r = P2^7;
  19          //on the bottom is duty cycle
  20          int L_PWM,R_PWM;
  21          
  22          
  23          /*
  24          agreement:
  25          N1&N2:left two wheels
  26          N3&N4:right two wheels
  27          +-:forward
  28          -+:back
  29          --&++:stop
  30          */
  31          
  32          void main()
  33          {
  34   1              UART_Init();
  35   1              Timer0Init();
  36   1              Timer2Init();
  37   1              L_PWM = R_PWM = 5;
  38   1              IN1=IN2=IN3=IN4=0;  //stop
  39   1              while(1)
  40   1              {
  41   2                      
  42   2              }
  43   1      }
  44          
  45          void UART_Routine() interrupt 4
  46          {
  47   1              if(RI==1)                                       
  48   1              {       
  49   2                      UART_SendByte(SBUF);
  50   2                      if(SBUF == 0x00)  //stop
  51   2                      {
  52   3                              IN1=IN2=IN3=IN4=0;
  53   3                      }
C51 COMPILER V9.54   MAIN                                                                  04/14/2022 15:02:19 PAGE 2   

  54   2                      if(SBUF == 0x01)  //forward
  55   2                      {
  56   3                              IN1=IN3=1;
  57   3                              IN2=IN4=0;
  58   3                      }
  59   2                      if(SBUF == 0x02) //back
  60   2                      {
  61   3                              IN1=IN3=0;
  62   3                              IN2=IN4=1;
  63   3                      }
  64   2                      if(SBUF == 0x03) //turn_left
  65   2                      {
  66   3                              IN1=IN4=0;
  67   3                              IN2=IN3=1;
  68   3                      }
  69   2                      if(SBUF == 0x04) //turn_right
  70   2                      {
  71   3                              IN1=IN4=1;
  72   3                              IN2=IN3=0;
  73   3                      }
  74   2                      if(SBUF == 0x05) //speed up
  75   2                      {
  76   3                              if(L_PWM <= 20)
  77   3                              {
  78   4                                      L_PWM++;
  79   4                                      R_PWM++;
  80   4                              }
  81   3                      }
  82   2                      if(SBUF == 0x06) //speed dowm
  83   2                      {
  84   3                              if(L_PWM >= 1)
  85   3                              {
  86   4                                      L_PWM--;
  87   4                                      R_PWM--;
  88   4                              }
  89   3                      }
  90   2                      if(SBUF == 0x07) //reset
  91   2                      {
  92   3                              L_PWM = R_PWM = 5;
  93   3                      }
  94   2                      if(SBUF == 0x08) //full_speed
  95   2                      {
  96   3                              L_PWM = R_PWM = 20;
  97   3                      }
  98   2              RI=0;                                   
  99   2              }
 100   1      }
 101          
 102          void Timer0_Routine() interrupt 1  //for left_wheel
 103          {
 104   1              static unsigned int T0Count;
 105   1              TL0 = 0x66;             
 106   1              TH0 = 0xFC;      //1ms
 107   1              T0Count++;
 108   1              if(T0Count >= 20) T0Count = 0;
 109   1              if(T0Count <= L_PWM) PWM1 = 1;
 110   1              else PWM1 = 0;
 111   1      }
 112          
 113          void Timer2_Routine() interrupt 5  //for right_wheel
 114          {
 115   1              static unsigned int T2Count;
C51 COMPILER V9.54   MAIN                                                                  04/14/2022 15:02:19 PAGE 3   

 116   1              TF2 = 0;  //1ms
 117   1              T2Count++;
 118   1              if(T2Count >= 20) T2Count = 0;
 119   1              if(T2Count <= R_PWM) PWM2 = 1;
 120   1              else PWM2 = 0;
 121   1      }
 122          


MODULE INFORMATION:   STATIC OVERLAYABLE
   CODE SIZE        =    372    ----
   CONSTANT SIZE    =   ----    ----
   XDATA SIZE       =   ----    ----
   PDATA SIZE       =   ----    ----
   DATA SIZE        =     10    ----
   IDATA SIZE       =   ----    ----
   BIT SIZE         =   ----    ----
END OF MODULE INFORMATION.


C51 COMPILATION COMPLETE.  1 WARNING(S),  0 ERROR(S)
