C51 COMPILER V9.54   MAIN                                                                  04/09/2022 15:11:11 PAGE 1   


C51 COMPILER V9.54, COMPILATION OF MODULE MAIN
OBJECT MODULE PLACED IN .\Objects\main.obj
COMPILER INVOKED BY: D:\robot\51\keil\C51\BIN\C51.EXE main.c OPTIMIZE(8,SPEED) BROWSE DEBUG OBJECTEXTEND PRINT(.\Listing
                    -s\main.lst) OBJECT(.\Objects\main.obj)

line level    source

   1          /*******************************************************************/
   2          /*
   3          car_control 
   4          yyj 
   5          22/4/5
   6          */
   7          /*****************************************************************/
   8          
   9          #include<reg52.h>
  10          #define uint unsigned int
  11          #define uchar unsigned char
  12          
  13          
  14          //on the bottom is logic level
  15          sbit IN1 = P2^0;
  16          sbit IN2 = P2^1;
  17          sbit IN3 = P2^2;
  18          sbit IN4 = P2^3;
  19          //on the bottom is PWM
  20          sbit PWM1=P2^4;
  21          sbit PWM2=P2^5;
  22          int time;
  23          //on the bottom is infrared
  24          sbit Input_l = P2^6;
  25          sbit Input_r = P2^7;
  26          
  27          
  28          /*
  29          agreement:
  30          N1&N2:left two wheels
  31          N3&N4:right two wheels
  32          +-:back
  33          -+:forward
  34          --&++:stop
  35          */
  36          
  37          void main()
  38          {
  39   1              //defining timers
  40   1              TMOD=0x01;
  41   1              TH0=0xff;
  42   1              TL0=0xf7;
  43   1              EA=1;
  44   1              ET0=1;
  45   1              TR0=1;
  46   1              
  47   1              IN1=IN3 = 1;
  48   1              IN2=IN4 = 0;
  49   1              //PWM1=PWM2 = 1;
  50   1              while(1)
  51   1              {
  52   2                      if(Input_r&&Input_l)  //forward
  53   2                      {
  54   3                              IN1=IN3=0;
C51 COMPILER V9.54   MAIN                                                                  04/09/2022 15:11:11 PAGE 2   

  55   3                              IN2=IN4=1;
  56   3                      }
  57   2                      else if(Input_r&&(~Input_l))  //turn left
  58   2                      {
  59   3                              IN1=IN4=IN3=0;
  60   3                              IN2=1;
  61   3                      }
  62   2                      else if((~Input_r)&&Input_l)  //turn right
  63   2                      {
  64   3                              IN1=IN2=IN3=0;
  65   3                              IN4=1;
  66   3                      }
  67   2                      else  //stop
  68   2                      {
  69   3                              IN1=IN2=IN3=IN4=0;
  70   3                      }
  71   2              }
  72   1      }
  73          
  74           
  75          
  76          
  77          //time interrupt for PWM
  78          void tim0() interrupt 1
  79          {
  80   1             TR0=0;   
  81   1             TH0=0xff;        
  82   1             TL0=0xf7;        //0.01ms
  83   1             TR0=1;           
  84   1             time++;
  85   1             if(time>=100) time=0;    //you can change time to change PWM
  86   1             if(time<=20) PWM1=PWM2 = 1;              //20 is to 1ms
  87   1             else PWM1=PWM2 =0;
  88   1      }


MODULE INFORMATION:   STATIC OVERLAYABLE
   CODE SIZE        =    152    ----
   CONSTANT SIZE    =   ----    ----
   XDATA SIZE       =   ----    ----
   PDATA SIZE       =   ----    ----
   DATA SIZE        =      2    ----
   IDATA SIZE       =   ----    ----
   BIT SIZE         =   ----    ----
END OF MODULE INFORMATION.


C51 COMPILATION COMPLETE.  0 WARNING(S),  0 ERROR(S)
